0 info it worked if it ends with ok
1 verbose cli [ '/Users/User/.nodebrew/current/bin/node',
1 verbose cli   '/Users/User/.nodebrew/current/bin/npm',
1 verbose cli   'start' ]
2 info using npm@2.11.3
3 info using node@v0.12.7
4 verbose node symlink /Users/User/.nodebrew/current/bin/node
5 verbose stack Error: missing script: start
5 verbose stack     at run (/Users/User/.nodebrew/node/v0.12.7/lib/node_modules/npm/lib/run-script.js:142:19)
5 verbose stack     at /Users/User/.nodebrew/node/v0.12.7/lib/node_modules/npm/lib/run-script.js:58:5
5 verbose stack     at /Users/User/.nodebrew/node/v0.12.7/lib/node_modules/npm/node_modules/read-package-json/read-json.js:345:5
5 verbose stack     at checkBinReferences_ (/Users/User/.nodebrew/node/v0.12.7/lib/node_modules/npm/node_modules/read-package-json/read-json.js:309:45)
5 verbose stack     at final (/Users/User/.nodebrew/node/v0.12.7/lib/node_modules/npm/node_modules/read-package-json/read-json.js:343:3)
5 verbose stack     at then (/Users/User/.nodebrew/node/v0.12.7/lib/node_modules/npm/node_modules/read-package-json/read-json.js:113:5)
5 verbose stack     at /Users/User/.nodebrew/node/v0.12.7/lib/node_modules/npm/node_modules/read-package-json/read-json.js:284:20
5 verbose stack     at evalmachine.<anonymous>:263:20
5 verbose stack     at OpenReq.Req.done (/Users/User/.nodebrew/node/v0.12.7/lib/node_modules/npm/node_modules/graceful-fs/graceful-fs.js:141:5)
5 verbose stack     at OpenReq.done (/Users/User/.nodebrew/node/v0.12.7/lib/node_modules/npm/node_modules/graceful-fs/graceful-fs.js:61:22)
6 verbose cwd /Users/User/work/test/knockout/sandbox_server
7 error Darwin 15.0.0
8 error argv "/Users/User/.nodebrew/current/bin/node" "/Users/User/.nodebrew/current/bin/npm" "start"
9 error node v0.12.7
10 error npm  v2.11.3
11 error missing script: start
12 error If you need help, you may report this error at:
12 error     <https://github.com/npm/npm/issues>
13 verbose exit [ 1, true ]
